(0000) 3000  0011000000000000 (  14)                 .ORIG x3000
(3000) E0D9  1110000011011001 (  18)                 LEA   R0 Banner
(3001) F022  1111000000100010 (  19)                 TRAP  x22
(3002) E061  1110000001100001 (  23)                 LEA   R0 StrPrompt
(3003) F022  1111000000100010 (  24)                 TRAP  x22
(3004) E25B  1110001001011011 (  25)                 LEA   R1 Data
(3005) F020  1111000000100000 (  28) ReadLoop        TRAP  x20
(3006) 1636  0001011000110110 (  30)                 ADD   R3 R0 #-10
(3007) 0403  0000010000000011 (  31)                 BRZ   DoneRead
(3008) 7040  0111000001000000 (  33)                 STR   R0 R1 #0
(3009) 1261  0001001001100001 (  34)                 ADD   R1 R1 #1
(300A) 0FFA  0000111111111010 (  35)                 BRNZP ReadLoop
(300B) 5020  0101000000100000 (  38) DoneRead        AND   R0 R0 #0
(300C) 7040  0111000001000000 (  39)                 STR   R0 R1 #0
(300D) E073  1110000001110011 (  41)                 LEA   R0 StrEcho
(300E) F022  1111000000100010 (  42)                 TRAP  x22
(300F) E050  1110000001010000 (  43)                 LEA   R0 Data
(3010) F022  1111000000100010 (  44)                 TRAP  x22
(3011) E082  1110000010000010 (  45)                 LEA   R0 StrNewline
(3012) F022  1111000000100010 (  46)                 TRAP  x22
(3013) 5920  0101100100100000 (  49) ProcessInput    AND   R4 R4 #0
(3014) E24B  1110001001001011 (  50)                 LEA   R1 Data
(3015) 1261  0001001001100001 (  51)                 ADD   R1 R1 #1
(3016) 6440  0110010001000000 (  54)                 LDR   R2 R1 #0
(3017) 267E  0010011001111110 (  57) DecCalc         LD    R3 ch0
(3018) 16C2  0001011011000010 (  58)                 ADD   R3 R3 R2
(3019) 1903  0001100100000011 (  59)                 ADD   R4 R4 R3
(301A) 1261  0001001001100001 (  61) DecNextChar     ADD   R1 R1 #1
(301B) 6440  0110010001000000 (  62)                 LDR   R2 R1 #0
(301C) 14A0  0001010010100000 (  63)                 ADD   R2 R2 #0
(301D) 0406  0000010000000110 (  64)                 BRZ   Done
(301E) 1B04  0001101100000100 (  65)                 ADD   R5 R4 R4
(301F) 1B45  0001101101000101 (  66)                 ADD   R5 R5 R5
(3020) 1B45  0001101101000101 (  67)                 ADD   R5 R5 R5
(3021) 1704  0001011100000100 (  68)                 ADD   R3 R4 R4
(3022) 18C5  0001100011000101 (  69)                 ADD   R4 R3 R5
(3023) 0FF3  0000111111110011 (  71)                 BRNZP DecCalc
(3024) 1720  0001011100100000 (  73) Done            ADD   R3 R4 #0
(3025) 5DA0  0101110110100000 (  77)                 AND   R6 R6 #0
(3026) 2C70  0010110001110000 (  78)                 LD    R6 STACKBASE
(3027) 5020  0101000000100000 (  89)                 AND   R0 R0 #0
(3028) 1022  0001000000100010 (  90)                 ADD   R0 R0 #2
(3029) 5260  0101001001100000 (  92)                 AND   R1 R1 #0
(302A) 1261  0001001001100001 (  93)                 ADD   R1 R1 #1
(302B) 18E0  0001100011100000 (  95)                 ADD   R4 R3 #0
(302C) 48EC  0100100011101100 (  96)                 JSR   PUSH
(302D) 5920  0101100100100000 (  97)                 AND   R4 R4 #0
(302E) 48EA  0100100011101010 (  98)                 JSR   PUSH
(302F) 4932  0100100100110010 ( 100)                 JSR   SQRT
(3030) 6580  0110010110000000 ( 101)                 LDR   R2 R6 #0
(3031) 48EA  0100100011101010 ( 102)                 JSR   POP
(3032) 48E9  0100100011101001 ( 103)                 JSR   POP
(3033) 94BF  1001010010111111 ( 105)                 NOT   R2 R2
(3034) 14A1  0001010010100001 ( 106)                 ADD   R2 R2 #1
(3035) 1A02  0001101000000010 ( 111) WHILE           ADD   R5 R0 R2
(3036) 021E  0000001000011110 ( 112)                 BRP   WDONE
(3037) 1260  0001001001100000 ( 113)                 ADD   R1 R1 #0
(3038) 041C  0000010000011100 ( 114)                 BRZ   WDONE
(3039) 18E0  0001100011100000 ( 118)                 ADD   R4 R3 #0
(303A) 48DE  0100100011011110 ( 119)                 JSR   PUSH
(303B) 1820  0001100000100000 ( 120)                 ADD   R4 R0 #0
(303C) 48DC  0100100011011100 ( 121)                 JSR   PUSH
(303D) 5920  0101100100100000 ( 123)                 AND   R4 R4 #0
(303E) 48DA  0100100011011010 ( 124)                 JSR   PUSH
(303F) 4900  0100100100000000 ( 126)                 JSR   DIVISION
(3040) 6B80  0110101110000000 ( 127)                 LDR   R5 R6 #0
(3041) 48DA  0100100011011010 ( 128)                 JSR   POP
(3042) 48D9  0100100011011001 ( 129)                 JSR   POP
(3043) 48D8  0100100011011000 ( 130)                 JSR   POP
(3044) 1960  0001100101100000 ( 134)                 ADD   R4 R5 #0
(3045) 48D3  0100100011010011 ( 135)                 JSR   PUSH
(3046) 1820  0001100000100000 ( 137)                 ADD   R4 R0 #0
(3047) 48D1  0100100011010001 ( 138)                 JSR   PUSH
(3048) 48D0  0100100011010000 ( 141)                 JSR   PUSH
(3049) 48DC  0100100011011100 ( 143)                 JSR   MULTIPLY
(304A) 6B80  0110101110000000 ( 144)                 LDR   R5 R6 #0
(304B) 48D0  0100100011010000 ( 145)                 JSR   POP
(304C) 48CF  0100100011001111 ( 146)                 JSR   POP
(304D) 48CE  0100100011001110 ( 147)                 JSR   POP
(304E) 9B7F  1001101101111111 ( 150)                 NOT   R5 R5
(304F) 1B61  0001101101100001 ( 151)                 ADD   R5 R5 #1
(3050) 1B43  0001101101000011 ( 153)                 ADD   R5 R5 R3
(3051) 0A01  0000101000000001 ( 155)                 BRNP  ZREM
(3052) 127F  0001001001111111 ( 157)                 ADD   R1 R1 #-1
(3053) 1021  0001000000100001 ( 162) ZREM            ADD   R0 R0 #1
(3054) 0FE0  0000111111100000 ( 163)                 BRNZP WHILE
(3055) E00A  1110000000001010 ( 166) WDONE           LEA   R0 Data
(3056) F022  1111000000100010 ( 167)                 TRAP  x22
(3057) 1260  0001001001100000 ( 170)                 ADD   R1 R1 #0
(3058) 0202  0000001000000010 ( 172)                 BRP   PRIME
(3059) E067  1110000001100111 ( 174)                 LEA   R0 StrComp
(305A) 0E01  0000111000000001 ( 176)                 BRNZP FDONE
(305B) E050  1110000001010000 ( 179) PRIME           LEA   R0 StrPri
(305C) F022  1111000000100010 ( 183) FDONE           TRAP  x22
(305D) E03A  1110000000111010 ( 184)                 LEA   R0 ENDPROG
(305E) F022  1111000000100010 ( 185)                 TRAP  x22
(305F) F025  1111000000100101 ( 186)                 TRAP  x25
(3060) 0000  0000000000000000 ( 195) Data            .FILL x0000
(3061) 0000  0000000000000000 ( 195)                 .FILL x0000
(3062) 0000  0000000000000000 ( 195)                 .FILL x0000
(3063) 0000  0000000000000000 ( 195)                 .FILL x0000
(3064) 000A  0000000000001010 ( 195) StrPrompt       .FILL x000A
(3065) 0045  0000000001000101 ( 195)                 .FILL x0045
(3066) 006E  0000000001101110 ( 195)                 .FILL x006E
(3067) 0074  0000000001110100 ( 195)                 .FILL x0074
(3068) 0065  0000000001100101 ( 195)                 .FILL x0065
(3069) 0072  0000000001110010 ( 195)                 .FILL x0072
(306A) 0020  0000000000100000 ( 195)                 .FILL x0020
(306B) 0061  0000000001100001 ( 195)                 .FILL x0061
(306C) 0020  0000000000100000 ( 195)                 .FILL x0020
(306D) 0033  0000000000110011 ( 195)                 .FILL x0033
(306E) 0020  0000000000100000 ( 195)                 .FILL x0020
(306F) 0063  0000000001100011 ( 195)                 .FILL x0063
(3070) 0068  0000000001101000 ( 195)                 .FILL x0068
(3071) 0061  0000000001100001 ( 195)                 .FILL x0061
(3072) 0072  0000000001110010 ( 195)                 .FILL x0072
(3073) 0061  0000000001100001 ( 195)                 .FILL x0061
(3074) 0063  0000000001100011 ( 195)                 .FILL x0063
(3075) 0074  0000000001110100 ( 195)                 .FILL x0074
(3076) 0065  0000000001100101 ( 195)                 .FILL x0065
(3077) 0072  0000000001110010 ( 195)                 .FILL x0072
(3078) 0020  0000000000100000 ( 195)                 .FILL x0020
(3079) 006E  0000000001101110 ( 195)                 .FILL x006E
(307A) 0075  0000000001110101 ( 195)                 .FILL x0075
(307B) 006D  0000000001101101 ( 195)                 .FILL x006D
(307C) 0062  0000000001100010 ( 195)                 .FILL x0062
(307D) 0065  0000000001100101 ( 195)                 .FILL x0065
(307E) 0072  0000000001110010 ( 195)                 .FILL x0072
(307F) 003A  0000000000111010 ( 195)                 .FILL x003A
(3080) 0000  0000000000000000 ( 195)                 .FILL x0000
(3081) 000A  0000000000001010 ( 196) StrEcho         .FILL x000A
(3082) 0059  0000000001011001 ( 196)                 .FILL x0059
(3083) 006F  0000000001101111 ( 196)                 .FILL x006F
(3084) 0075  0000000001110101 ( 196)                 .FILL x0075
(3085) 0020  0000000000100000 ( 196)                 .FILL x0020
(3086) 0068  0000000001101000 ( 196)                 .FILL x0068
(3087) 0061  0000000001100001 ( 196)                 .FILL x0061
(3088) 0076  0000000001110110 ( 196)                 .FILL x0076
(3089) 0065  0000000001100101 ( 196)                 .FILL x0065
(308A) 0020  0000000000100000 ( 196)                 .FILL x0020
(308B) 0065  0000000001100101 ( 196)                 .FILL x0065
(308C) 006E  0000000001101110 ( 196)                 .FILL x006E
(308D) 0074  0000000001110100 ( 196)                 .FILL x0074
(308E) 0065  0000000001100101 ( 196)                 .FILL x0065
(308F) 0072  0000000001110010 ( 196)                 .FILL x0072
(3090) 0065  0000000001100101 ( 196)                 .FILL x0065
(3091) 0064  0000000001100100 ( 196)                 .FILL x0064
(3092) 003A  0000000000111010 ( 196)                 .FILL x003A
(3093) 0000  0000000000000000 ( 196)                 .FILL x0000
(3094) 000A  0000000000001010 ( 198) StrNewline      .FILL x000A
(3095) 0000  0000000000000000 ( 198)                 .FILL x0000
(3096) FFD0  1111111111010000 ( 200) ch0             .FILL xFFD0
(3097) 4000  0100000000000000 ( 202) STACKBASE       .FILL x4000
(3098) 0045  0000000001000101 ( 204) ENDPROG         .FILL x0045
(3099) 006E  0000000001101110 ( 204)                 .FILL x006E
(309A) 0064  0000000001100100 ( 204)                 .FILL x0064
(309B) 0020  0000000000100000 ( 204)                 .FILL x0020
(309C) 006F  0000000001101111 ( 204)                 .FILL x006F
(309D) 0066  0000000001100110 ( 204)                 .FILL x0066
(309E) 0020  0000000000100000 ( 204)                 .FILL x0020
(309F) 0070  0000000001110000 ( 204)                 .FILL x0070
(30A0) 0072  0000000001110010 ( 204)                 .FILL x0072
(30A1) 006F  0000000001101111 ( 204)                 .FILL x006F
(30A2) 0063  0000000001100011 ( 204)                 .FILL x0063
(30A3) 0065  0000000001100101 ( 204)                 .FILL x0065
(30A4) 0073  0000000001110011 ( 204)                 .FILL x0073
(30A5) 0073  0000000001110011 ( 204)                 .FILL x0073
(30A6) 0069  0000000001101001 ( 204)                 .FILL x0069
(30A7) 006E  0000000001101110 ( 204)                 .FILL x006E
(30A8) 0067  0000000001100111 ( 204)                 .FILL x0067
(30A9) 002E  0000000000101110 ( 204)                 .FILL x002E
(30AA) 000A  0000000000001010 ( 204)                 .FILL x000A
(30AB) 0000  0000000000000000 ( 204)                 .FILL x0000
(30AC) 0020  0000000000100000 ( 206) StrPri          .FILL x0020
(30AD) 0069  0000000001101001 ( 206)                 .FILL x0069
(30AE) 0073  0000000001110011 ( 206)                 .FILL x0073
(30AF) 0020  0000000000100000 ( 206)                 .FILL x0020
(30B0) 0061  0000000001100001 ( 206)                 .FILL x0061
(30B1) 0020  0000000000100000 ( 206)                 .FILL x0020
(30B2) 0070  0000000001110000 ( 206)                 .FILL x0070
(30B3) 0072  0000000001110010 ( 206)                 .FILL x0072
(30B4) 0069  0000000001101001 ( 206)                 .FILL x0069
(30B5) 006D  0000000001101101 ( 206)                 .FILL x006D
(30B6) 0065  0000000001100101 ( 206)                 .FILL x0065
(30B7) 0020  0000000000100000 ( 206)                 .FILL x0020
(30B8) 006E  0000000001101110 ( 206)                 .FILL x006E
(30B9) 0075  0000000001110101 ( 206)                 .FILL x0075
(30BA) 006D  0000000001101101 ( 206)                 .FILL x006D
(30BB) 0062  0000000001100010 ( 206)                 .FILL x0062
(30BC) 0065  0000000001100101 ( 206)                 .FILL x0065
(30BD) 0072  0000000001110010 ( 206)                 .FILL x0072
(30BE) 002E  0000000000101110 ( 206)                 .FILL x002E
(30BF) 000A  0000000000001010 ( 206)                 .FILL x000A
(30C0) 0000  0000000000000000 ( 206)                 .FILL x0000
(30C1) 0020  0000000000100000 ( 208) StrComp         .FILL x0020
(30C2) 0069  0000000001101001 ( 208)                 .FILL x0069
(30C3) 0073  0000000001110011 ( 208)                 .FILL x0073
(30C4) 0020  0000000000100000 ( 208)                 .FILL x0020
(30C5) 0061  0000000001100001 ( 208)                 .FILL x0061
(30C6) 0020  0000000000100000 ( 208)                 .FILL x0020
(30C7) 0063  0000000001100011 ( 208)                 .FILL x0063
(30C8) 006F  0000000001101111 ( 208)                 .FILL x006F
(30C9) 006D  0000000001101101 ( 208)                 .FILL x006D
(30CA) 0070  0000000001110000 ( 208)                 .FILL x0070
(30CB) 006F  0000000001101111 ( 208)                 .FILL x006F
(30CC) 0073  0000000001110011 ( 208)                 .FILL x0073
(30CD) 0069  0000000001101001 ( 208)                 .FILL x0069
(30CE) 0074  0000000001110100 ( 208)                 .FILL x0074
(30CF) 0065  0000000001100101 ( 208)                 .FILL x0065
(30D0) 0020  0000000000100000 ( 208)                 .FILL x0020
(30D1) 006E  0000000001101110 ( 208)                 .FILL x006E
(30D2) 0075  0000000001110101 ( 208)                 .FILL x0075
(30D3) 006D  0000000001101101 ( 208)                 .FILL x006D
(30D4) 0062  0000000001100010 ( 208)                 .FILL x0062
(30D5) 0065  0000000001100101 ( 208)                 .FILL x0065
(30D6) 0072  0000000001110010 ( 208)                 .FILL x0072
(30D7) 002E  0000000000101110 ( 208)                 .FILL x002E
(30D8) 000A  0000000000001010 ( 208)                 .FILL x000A
(30D9) 0000  0000000000000000 ( 208)                 .FILL x0000
(30DA) 0053  0000000001010011 ( 210) Banner          .FILL x0053
(30DB) 0079  0000000001111001 ( 210)                 .FILL x0079
(30DC) 0065  0000000001100101 ( 210)                 .FILL x0065
(30DD) 0064  0000000001100100 ( 210)                 .FILL x0064
(30DE) 0020  0000000000100000 ( 210)                 .FILL x0020
(30DF) 0048  0000000001001000 ( 210)                 .FILL x0048
(30E0) 0061  0000000001100001 ( 210)                 .FILL x0061
(30E1) 0062  0000000001100010 ( 210)                 .FILL x0062
(30E2) 0069  0000000001101001 ( 210)                 .FILL x0069
(30E3) 0062  0000000001100010 ( 210)                 .FILL x0062
(30E4) 0020  0000000000100000 ( 210)                 .FILL x0020
(30E5) 0055  0000000001010101 ( 210)                 .FILL x0055
(30E6) 0072  0000000001110010 ( 210)                 .FILL x0072
(30E7) 0020  0000000000100000 ( 210)                 .FILL x0020
(30E8) 0052  0000000001010010 ( 210)                 .FILL x0052
(30E9) 0065  0000000001100101 ( 210)                 .FILL x0065
(30EA) 0068  0000000001101000 ( 210)                 .FILL x0068
(30EB) 006D  0000000001101101 ( 210)                 .FILL x006D
(30EC) 0061  0000000001100001 ( 210)                 .FILL x0061
(30ED) 006E  0000000001101110 ( 210)                 .FILL x006E
(30EE) 002C  0000000000101100 ( 210)                 .FILL x002C
(30EF) 0020  0000000000100000 ( 210)                 .FILL x0020
(30F0) 0037  0000000000110111 ( 210)                 .FILL x0037
(30F1) 0037  0000000000110111 ( 210)                 .FILL x0037
(30F2) 0036  0000000000110110 ( 210)                 .FILL x0036
(30F3) 0033  0000000000110011 ( 210)                 .FILL x0033
(30F4) 0034  0000000000110100 ( 210)                 .FILL x0034
(30F5) 0030  0000000000110000 ( 210)                 .FILL x0030
(30F6) 0038  0000000000111000 ( 210)                 .FILL x0038
(30F7) 002C  0000000000101100 ( 210)                 .FILL x002C
(30F8) 0020  0000000000100000 ( 210)                 .FILL x0020
(30F9) 0043  0000000001000011 ( 210)                 .FILL x0043
(30FA) 006F  0000000001101111 ( 210)                 .FILL x006F
(30FB) 006D  0000000001101101 ( 210)                 .FILL x006D
(30FC) 0070  0000000001110000 ( 210)                 .FILL x0070
(30FD) 0032  0000000000110010 ( 210)                 .FILL x0032
(30FE) 0032  0000000000110010 ( 210)                 .FILL x0032
(30FF) 0038  0000000000111000 ( 210)                 .FILL x0038
(3100) 0030  0000000000110000 ( 210)                 .FILL x0030
(3101) 002C  0000000000101100 ( 210)                 .FILL x002C
(3102) 0020  0000000000100000 ( 210)                 .FILL x0020
(3103) 004D  0000000001001101 ( 210)                 .FILL x004D
(3104) 0069  0000000001101001 ( 210)                 .FILL x0069
(3105) 0063  0000000001100011 ( 210)                 .FILL x0063
(3106) 0068  0000000001101000 ( 210)                 .FILL x0068
(3107) 0061  0000000001100001 ( 210)                 .FILL x0061
(3108) 0065  0000000001100101 ( 210)                 .FILL x0065
(3109) 006C  0000000001101100 ( 210)                 .FILL x006C
(310A) 0020  0000000000100000 ( 210)                 .FILL x0020
(310B) 005A  0000000001011010 ( 210)                 .FILL x005A
(310C) 0061  0000000001100001 ( 210)                 .FILL x0061
(310D) 0070  0000000001110000 ( 210)                 .FILL x0070
(310E) 0070  0000000001110000 ( 210)                 .FILL x0070
(310F) 002C  0000000000101100 ( 210)                 .FILL x002C
(3110) 0020  0000000000100000 ( 210)                 .FILL x0020
(3111) 0041  0000000001000001 ( 210)                 .FILL x0041
(3112) 0034  0000000000110100 ( 210)                 .FILL x0034
(3113) 002C  0000000000101100 ( 210)                 .FILL x002C
(3114) 0020  0000000000100000 ( 210)                 .FILL x0020
(3115) 0071  0000000001110001 ( 210)                 .FILL x0071
(3116) 0031  0000000000110001 ( 210)                 .FILL x0031
(3117) 000A  0000000000001010 ( 210)                 .FILL x000A
(3118) 0000  0000000000000000 ( 210)                 .FILL x0000
(3119) 1DBF  0001110110111111 ( 221) PUSH            ADD   R6 R6 #-1
(311A) 7980  0111100110000000 ( 222)                 STR   R4 R6 #0
(311B) C1C0  1100000111000000 ( 223)                 RET   
(311C) 297A  0010100101111010 ( 234) POP             LD    R4 STACKBASE
(311D) 993F  1001100100111111 ( 235)                 NOT   R4 R4
(311E) 1921  0001100100100001 ( 236)                 ADD   R4 R4 #1
(311F) 1984  0001100110000100 ( 237)                 ADD   R4 R6 R4
(3120) 0802  0000100000000010 ( 238)                 BRN   VALID
(3121) 5920  0101100100100000 ( 239)                 AND   R4 R4 #0
(3122) 0E02  0000111000000010 ( 240)                 BRNZP RETURN
(3123) 6980  0110100110000000 ( 241) VALID           LDR   R4 R6 #0
(3124) 1DA1  0001110110100001 ( 242)                 ADD   R6 R6 #1
(3125) C1C0  1100000111000000 ( 243) RETURN          RET   
(3126) 19E0  0001100111100000 ( 263) MULTIPLY        ADD   R4 R7 #0
(3127) 4FF1  0100111111110001 ( 264)                 JSR   PUSH
(3128) 1960  0001100101100000 ( 266)                 ADD   R4 R5 #0
(3129) 4FEF  0100111111101111 ( 267)                 JSR   PUSH
(312A) 1BA2  0001101110100010 ( 269)                 ADD   R5 R6 #2
(312B) 1820  0001100000100000 ( 271)                 ADD   R4 R0 #0
(312C) 4FEC  0100111111101100 ( 272)                 JSR   PUSH
(312D) 1860  0001100001100000 ( 274)                 ADD   R4 R1 #0
(312E) 4FEA  0100111111101010 ( 275)                 JSR   PUSH
(312F) 5920  0101100100100000 ( 278)                 AND   R4 R4 #0
(3130) 6142  0110000101000010 ( 279)                 LDR   R0 R5 #2
(3131) 6341  0110001101000001 ( 280)                 LDR   R1 R5 #1
(3132) 0403  0000010000000011 ( 283)                 BRZ   MRET
(3133) 1804  0001100000000100 ( 287) MLOOP           ADD   R4 R0 R4
(3134) 127F  0001001001111111 ( 288)                 ADD   R1 R1 #-1
(3135) 03FD  0000001111111101 ( 289)                 BRP   MLOOP
(3136) 7940  0111100101000000 ( 293) MRET            STR   R4 R5 #0
(3137) 4FE4  0100111111100100 ( 295)                 JSR   POP
(3138) 1320  0001001100100000 ( 296)                 ADD   R1 R4 #0
(3139) 4FE2  0100111111100010 ( 298)                 JSR   POP
(313A) 1120  0001000100100000 ( 299)                 ADD   R0 R4 #0
(313B) 4FE0  0100111111100000 ( 301)                 JSR   POP
(313C) 1B20  0001101100100000 ( 302)                 ADD   R5 R4 #0
(313D) 4FDE  0100111111011110 ( 304)                 JSR   POP
(313E) 1F20  0001111100100000 ( 305)                 ADD   R7 R4 #0
(313F) C1C0  1100000111000000 ( 307)                 RET   
(3140) 19E0  0001100111100000 ( 328) DIVISION        ADD   R4 R7 #0
(3141) 4FD7  0100111111010111 ( 329)                 JSR   PUSH
(3142) 1960  0001100101100000 ( 331)                 ADD   R4 R5 #0
(3143) 4FD5  0100111111010101 ( 332)                 JSR   PUSH
(3144) 1BA2  0001101110100010 ( 334)                 ADD   R5 R6 #2
(3145) 1820  0001100000100000 ( 336)                 ADD   R4 R0 #0
(3146) 4FD2  0100111111010010 ( 337)                 JSR   PUSH
(3147) 1860  0001100001100000 ( 339)                 ADD   R4 R1 #0
(3148) 4FD0  0100111111010000 ( 340)                 JSR   PUSH
(3149) 18A0  0001100010100000 ( 342)                 ADD   R4 R2 #0
(314A) 4FCE  0100111111001110 ( 343)                 JSR   PUSH
(314B) 5920  0101100100100000 ( 346)                 AND   R4 R4 #0
(314C) 6142  0110000101000010 ( 347)                 LDR   R0 R5 #2
(314D) 6341  0110001101000001 ( 348)                 LDR   R1 R5 #1
(314E) 927F  1001001001111111 ( 351)                 NOT   R1 R1
(314F) 1261  0001001001100001 ( 352)                 ADD   R1 R1 #1
(3150) 1401  0001010000000001 ( 354)                 ADD   R2 R0 R1
(3151) 0804  0000100000000100 ( 356)                 BRN   DRET
(3152) 1921  0001100100100001 ( 360) DLOOP           ADD   R4 R4 #1
(3153) 1001  0001000000000001 ( 362)                 ADD   R0 R0 R1
(3154) 1401  0001010000000001 ( 364)                 ADD   R2 R0 R1
(3155) 07FC  0000011111111100 ( 365)                 BRZP  DLOOP
(3156) 7940  0111100101000000 ( 369) DRET            STR   R4 R5 #0
(3157) 4FC4  0100111111000100 ( 371)                 JSR   POP
(3158) 1520  0001010100100000 ( 372)                 ADD   R2 R4 #0
(3159) 4FC2  0100111111000010 ( 374)                 JSR   POP
(315A) 1320  0001001100100000 ( 375)                 ADD   R1 R4 #0
(315B) 4FC0  0100111111000000 ( 377)                 JSR   POP
(315C) 1120  0001000100100000 ( 378)                 ADD   R0 R4 #0
(315D) 4FBE  0100111110111110 ( 380)                 JSR   POP
(315E) 1B20  0001101100100000 ( 381)                 ADD   R5 R4 #0
(315F) 4FBC  0100111110111100 ( 383)                 JSR   POP
(3160) 1F20  0001111100100000 ( 384)                 ADD   R7 R4 #0
(3161) C1C0  1100000111000000 ( 386)                 RET   
(3162) 19E0  0001100111100000 ( 406) SQRT            ADD   R4 R7 #0
(3163) 4FB5  0100111110110101 ( 407)                 JSR   PUSH
(3164) 1960  0001100101100000 ( 409)                 ADD   R4 R5 #0
(3165) 4FB3  0100111110110011 ( 410)                 JSR   PUSH
(3166) 1BA2  0001101110100010 ( 412)                 ADD   R5 R6 #2
(3167) 1820  0001100000100000 ( 414)                 ADD   R4 R0 #0
(3168) 4FB0  0100111110110000 ( 415)                 JSR   PUSH
(3169) 1860  0001100001100000 ( 417)                 ADD   R4 R1 #0
(316A) 4FAE  0100111110101110 ( 418)                 JSR   PUSH
(316B) 18A0  0001100010100000 ( 420)                 ADD   R4 R2 #0
(316C) 4FAC  0100111110101100 ( 421)                 JSR   PUSH
(316D) 5920  0101100100100000 ( 424)                 AND   R4 R4 #0
(316E) 6141  0110000101000001 ( 425)                 LDR   R0 R5 #1
(316F) 903F  1001000000111111 ( 426)                 NOT   R0 R0
(3170) 1021  0001000000100001 ( 427)                 ADD   R0 R0 #1
(3171) 5260  0101001001100000 ( 431)                 AND   R1 R1 #0
(3172) 1261  0001001001100001 ( 435) SLOOP           ADD   R1 R1 #1
(3173) 1860  0001100001100000 ( 436)                 ADD   R4 R1 #0
(3174) 4FA4  0100111110100100 ( 437)                 JSR   PUSH
(3175) 4FA3  0100111110100011 ( 438)                 JSR   PUSH
(3176) 5920  0101100100100000 ( 440)                 AND   R4 R4 #0
(3177) 4FA1  0100111110100001 ( 441)                 JSR   PUSH
(3178) 4FAD  0100111110101101 ( 443)                 JSR   MULTIPLY
(3179) 6580  0110010110000000 ( 444)                 LDR   R2 R6 #0
(317A) 4FA1  0100111110100001 ( 445)                 JSR   POP
(317B) 4FA0  0100111110100000 ( 446)                 JSR   POP
(317C) 4F9F  0100111110011111 ( 447)                 JSR   POP
(317D) 1480  0001010010000000 ( 449)                 ADD   R2 R2 R0
(317E) 0DF3  0000110111110011 ( 452)                 BRNZ  SLOOP
(317F) 187F  0001100001111111 ( 454)                 ADD   R4 R1 #-1
(3180) 7940  0111100101000000 ( 457)                 STR   R4 R5 #0
(3181) 4F9A  0100111110011010 ( 459)                 JSR   POP
(3182) 1520  0001010100100000 ( 460)                 ADD   R2 R4 #0
(3183) 4F98  0100111110011000 ( 462)                 JSR   POP
(3184) 1320  0001001100100000 ( 463)                 ADD   R1 R4 #0
(3185) 4F96  0100111110010110 ( 465)                 JSR   POP
(3186) 1120  0001000100100000 ( 466)                 ADD   R0 R4 #0
(3187) 4F94  0100111110010100 ( 468)                 JSR   POP
(3188) 1B20  0001101100100000 ( 469)                 ADD   R5 R4 #0
(3189) 4F92  0100111110010010 ( 471)                 JSR   POP
(318A) 1F20  0001111100100000 ( 472)                 ADD   R7 R4 #0
(318B) C1C0  1100000111000000 ( 474)                 RET   
